<?xml version="1.0" encoding="UTF-8"?>
<!-- Generated by org.testng.reporters.JUnitXMLReporter -->
<testsuite hostname="Rohan-PC" name="Login Test" tests="1" failures="1" timestamp="31 Aug 2019 10:04:03 GMT" time="0.075" errors="0">
  <testcase name="loginAsBankManager" time="0.02" classname="com.ds.testcases.LoginTest">
    <failure type="java.lang.IllegalArgumentException" message="Cannot find elements when the selector is null">
      <![CDATA[java.lang.IllegalArgumentException: Cannot find elements when the selector is null
	at org.openqa.selenium.By$ByCssSelector.<init>(By.java:422)
	at org.openqa.selenium.By.cssSelector(By.java:116)
	at com.ds.testcases.LoginTest.loginAsBankManager(LoginTest.java:13)
... Removed 24 stack frames]]>
    </failure>
  </testcase> <!-- loginAsBankManager -->
</testsuite> <!-- Login Test -->
